<?xml version="1.0" encoding="UTF-8"?>
<!-- Generated by org.testng.reporters.JUnitXMLReporter -->
<testsuite ignored="2" hostname="DESKTOP-QD3OHAN" failures="0" tests="1" name="Test2" time="0.018" errors="0" timestamp="2021-08-09T23:20:05 IST">
  <testcase classname="Test1.Class4" name="EleventhClass" time="0.002"/>
  <testcase classname="Test1.Class4" name="TwelveClass" time="0.0">
    <ignored/>
  </testcase> <!-- TwelveClass -->
  <testcase classname="Test1.Class4" name="TenthClass" time="0.0">
    <ignored/>
  </testcase> <!-- TenthClass -->
</testsuite> <!-- Test2 -->
